<?xml version="1.0" encoding="UTF-8"?>
<!-- Generated by org.testng.reporters.JUnitReportReporter -->
<testsuite hostname="DESKTOP-OLV59GM" failures="0" tests="1" name="com.project.tests.RunnerClass.RunnersTest" time="1.678" errors="0" timestamp="2024-02-10T12:18:21 IST" skipped="0">
  <testcase classname="com.project.tests.RunnerClass.RunnersTest" name="runScenario" time="1.678"/>
</testsuite> <!-- com.project.tests.RunnerClass.RunnersTest -->
