<?xml version="1.0" encoding="UTF-8"?>
<!-- Generated by org.testng.reporters.JUnitReportReporter -->
<testsuite hostname="DESKTOP-OLV59GM" failures="0" tests="1" name="com.project.tests.AdditionTest" time="6.047" errors="0" timestamp="2024-02-09T17:24:27 IST" skipped="0">
  <testcase classname="com.project.tests.AdditionTest" name="firstSeleniumTest" time="6.047"/>
</testsuite> <!-- com.project.tests.AdditionTest -->
